C:\Program Files (x86)\Microsoft Visual Studio\2019\Community\MSBuild\Microsoft\VC\v150\Platforms\Win32\PlatformToolsets\v141_xp\Toolset.targets(39,5): warning MSB8051: Support for targeting Windows XP is deprecated and will not be present in future releases of Visual Studio. Please see https://go.microsoft.com/fwlink/?linkid=2023588 for more information.
  ApiHook.cpp
  Archive.cpp
  BaseUtil.cpp
  BitReader.cpp
  ByteOrderDecoder.cpp
  CmdLineParser.cpp
  CryptoUtil.cpp
  CssParser.cpp
  DbgHelpDyn.cpp
  DebugLog.cpp
  Dict.cpp
  DirIter.cpp
  Dpi.cpp
  FileUtil.cpp
  FileWatcher.cpp
  FzImgReader.cpp
  GdiPlusUtil.cpp
  HtmlParserLookup.cpp
  HtmlPrettyPrint.cpp
  HtmlPullParser.cpp
  HtmlWindow.cpp
  HttpUtil.cpp
  JsonParser.cpp
  LzmaSimpleArchive.cpp
  SerializeTxt.cpp
  SettingsUtil.cpp
  SquareTreeParser.cpp
  StrFormat.cpp
  StrSlice.cpp
  StrUtil.cpp
  StrUtil_win.cpp
  TgaReader.cpp
  ThreadUtil.cpp
  TrivialHtmlParser.cpp
  TxtParser.cpp
  UITask.cpp
  WebpReader.cpp
  WinDynCalls.cpp
  WinUtil.cpp
  ZipUtil.cpp
  DialogSizer.cpp
  EditCtrl.cpp
  FrameRateWnd.cpp
  LabelWithCloseWnd.cpp
  SplitterWnd.cpp
  TreeCtrl.cpp
  Win32Window.cpp
  utils.vcxproj -> d:\Media\myrepos\sumatrapdf\vs2017\..\dbg\utils.lib
