C:\Program Files (x86)\Microsoft Visual Studio\2019\Community\MSBuild\Microsoft\VC\v150\Platforms\Win32\PlatformToolsets\v141_xp\Toolset.targets(39,5): warning MSB8051: Support for targeting Windows XP is deprecated and will not be present in future releases of Visual Studio. Please see https://go.microsoft.com/fwlink/?linkid=2023588 for more information.
  ..\ext\libjpeg-turbo\simd\jccolmmx.asm
  ..\ext\libjpeg-turbo\simd\jccolss2.asm
  ..\ext\libjpeg-turbo\simd\jcgrammx.asm
  ..\ext\libjpeg-turbo\simd\jcgrass2.asm
  ..\ext\libjpeg-turbo\simd\jcqnt3dn.asm
  ..\ext\libjpeg-turbo\simd\jcqntmmx.asm
  ..\ext\libjpeg-turbo\simd\jcqnts2f.asm
  ..\ext\libjpeg-turbo\simd\jcqnts2i.asm
  ..\ext\libjpeg-turbo\simd\jcqntsse.asm
  ..\ext\libjpeg-turbo\simd\jcsammmx.asm
  ..\ext\libjpeg-turbo\simd\jcsamss2.asm
  ..\ext\libjpeg-turbo\simd\jdcolmmx.asm
  ..\ext\libjpeg-turbo\simd\jdcolss2.asm
  ..\ext\libjpeg-turbo\simd\jdmermmx.asm
  ..\ext\libjpeg-turbo\simd\jdmerss2.asm
  ..\ext\libjpeg-turbo\simd\jdsammmx.asm
  ..\ext\libjpeg-turbo\simd\jdsamss2.asm
  ..\ext\libjpeg-turbo\simd\jf3dnflt.asm
  ..\ext\libjpeg-turbo\simd\jfmmxfst.asm
  ..\ext\libjpeg-turbo\simd\jfmmxint.asm
  ..\ext\libjpeg-turbo\simd\jfss2fst.asm
  ..\ext\libjpeg-turbo\simd\jfss2int.asm
  ..\ext\libjpeg-turbo\simd\jfsseflt.asm
  ..\ext\libjpeg-turbo\simd\ji3dnflt.asm
  ..\ext\libjpeg-turbo\simd\jimmxfst.asm
  ..\ext\libjpeg-turbo\simd\jimmxint.asm
  ..\ext\libjpeg-turbo\simd\jimmxred.asm
  ..\ext\libjpeg-turbo\simd\jiss2flt.asm
  ..\ext\libjpeg-turbo\simd\jiss2fst.asm
  ..\ext\libjpeg-turbo\simd\jiss2int.asm
  ..\ext\libjpeg-turbo\simd\jiss2red.asm
  ..\ext\libjpeg-turbo\simd\jisseflt.asm
  ..\ext\libjpeg-turbo\simd\jsimdcpu.asm
  jaricom.c
  jcomapi.c
  jdapimin.c
  jdapistd.c
  jdarith.c
  jdatadst.c
  jdatasrc.c
  jdcoefct.c
  jdcolor.c
  jddctmgr.c
  jdhuff.c
  jdinput.c
  jdmainct.c
  jdmarker.c
  jdmaster.c
  jdmerge.c
  jdphuff.c
  jdpostct.c
  jdsample.c
  jdtrans.c
  jerror.c
  jfdctflt.c
  jfdctfst.c
  jfdctint.c
  jidctflt.c
  jidctfst.c
  jidctint.c
  jidctred.c
  jmemmgr.c
  jmemnobs.c
  jquant1.c
  jquant2.c
  jutils.c
  jsimd_i386.c
  libjpeg-turbo.vcxproj -> d:\Media\myrepos\sumatrapdf\vs2017\..\dbg\libjpeg-turbo.lib
