C:\Program Files (x86)\Microsoft Visual Studio\2019\Community\MSBuild\Microsoft\VC\v150\Platforms\Win32\PlatformToolsets\v141_xp\Toolset.targets(39,5): warning MSB8051: Support for targeting Windows XP is deprecated and will not be present in future releases of Visual Studio. Please see https://go.microsoft.com/fwlink/?linkid=2023588 for more information.
  bzip_all.c
  7zBuf.c
  7zDec.c
  7zIn.c
  7zStream.c
  Bcj2.c
  Bra.c
  Bra86.c
  LzFind.c
  LzFindMt.c
  Lzma2Dec.c
  LzmaDec.c
  LzmaEnc.c
  Threads.c
  _7z.c
  conv.c
  crc32.c
  custalloc.c
  stream.c
  unarr.c
  CpuArch.c
  Ppmd7.c
  Ppmd7Dec.c
  Ppmd8.c
  Ppmd8Dec.c
  filter-rar.c
  huffman-rar.c
  parse-rar.c
  rar.c
  rarvm.c
  uncompress-rar.c
  parse-tar.c
  tar.c
  inflate.c
  parse-zip.c
  uncompress-zip.c
  zip.c
  adler32.c
  compress.c
  deflate.c
  gzclose.c
  gzlib.c
  gzread.c
  gzwrite.c
  inffast.c
  inftrees.c
  trees.c
  zutil.c
  crc32.c
  inflate.c
  CrashHandler.cpp
  Translations.cpp
  InstUninstCommon.cpp
  Installer.cpp
  Trans_installer_txt.cpp
  Archive.cpp
  BaseUtil.cpp
  BitReader.cpp
  ByteOrderDecoder.cpp
  CmdLineParser.cpp
  DbgHelpDyn.cpp
  DebugLog.cpp
  Dict.cpp
  DirIter.cpp
  Dpi.cpp
  FileUtil.cpp
  FzImgReader.cpp
  GdiPlusUtil.cpp
  HttpUtil.cpp
  LzmaSimpleArchive.cpp
  StrFormat.cpp
  StrSlice.cpp
  StrUtil.cpp
  StrUtil_win.cpp
  TgaReader.cpp
  ThreadUtil.cpp
  UITask.cpp
  WebpReader.cpp
  WinDynCalls.cpp
  WinUtil.cpp
  InstallerNoData.vcxproj -> d:\Media\myrepos\sumatrapdf\vs2017\..\dbg\InstallerNoData.exe
