C:\Program Files (x86)\Microsoft Visual Studio\2019\Community\MSBuild\Microsoft\VC\v150\Platforms\Win32\PlatformToolsets\v141_xp\Toolset.targets(39,5): warning MSB8051: Support for targeting Windows XP is deprecated and will not be present in future releases of Visual Studio. Please see https://go.microsoft.com/fwlink/?linkid=2023588 for more information.
  Arrays.cpp
  BSByteStream.cpp
  BSEncodeByteStream.cpp
  ByteStream.cpp
  DataPool.cpp
  DjVmDir.cpp
  DjVmDir0.cpp
  DjVmDoc.cpp
  DjVmNav.cpp
  DjVuAnno.cpp
  DjVuDocEditor.cpp
  DjVuDocument.cpp
  DjVuDumpHelper.cpp
  DjVuErrorList.cpp
  DjVuFile.cpp
  DjVuFileCache.cpp
  DjVuGlobal.cpp
  DjVuGlobalMemory.cpp
  DjVuImage.cpp
  DjVuInfo.cpp
  DjVuMessage.cpp
  DjVuMessageLite.cpp
  DjVuNavDir.cpp
  DjVuPalette.cpp
  DjVuPort.cpp
  DjVuText.cpp
  DjVuToPS.cpp
  GBitmap.cpp
  GContainer.cpp
  GException.cpp
  GIFFManager.cpp
  GMapAreas.cpp
  GOS.cpp
  GPixmap.cpp
  GRect.cpp
  GScaler.cpp
  GSmartPointer.cpp
  GString.cpp
  GThreads.cpp
  GURL.cpp
  GUnicode.cpp
  IFFByteStream.cpp
  IW44EncodeCodec.cpp
  IW44Image.cpp
  JB2EncodeCodec.cpp
  JB2Image.cpp
  JPEGDecoder.cpp
  MMRDecoder.cpp
  MMX.cpp
  UnicodeByteStream.cpp
  XMLParser.cpp
  XMLTags.cpp
  ZPCodec.cpp
  atomic.cpp
  ddjvuapi.cpp
  debug.cpp
  miniexp.cpp
debug.obj : warning LNK4221: This object file does not define any previously undefined public symbols, so it will not be used by any link operation that consumes this library
  libdjvu.vcxproj -> d:\Media\myrepos\sumatrapdf\vs2017\..\dbg\libdjvu.lib
