C:\Program Files (x86)\Microsoft Visual Studio\2019\Community\MSBuild\Microsoft\VC\v150\Platforms\Win32\PlatformToolsets\v141_xp\Toolset.targets(39,5): warning MSB8051: Support for targeting Windows XP is deprecated and will not be present in future releases of Visual Studio. Please see https://go.microsoft.com/fwlink/?linkid=2023588 for more information.
  Compiling ..\mupdf\font_base14.asm
  bbox-device.c
  bitmap.c
  buffer.c
  colorspace.c
  compressed-buffer.c
  context.c
  crypt-aes.c
  crypt-arc4.c
  crypt-md5.c
  crypt-sha2.c
  device.c
  document.c
  draw-affine.c
  draw-blend.c
  draw-device.c
  draw-edge.c
  draw-glyph.c
  draw-mesh.c
  draw-paint.c
  draw-path.c
  draw-scale-simple.c
  draw-unpack.c
  error.c
  filter-basic.c
  filter-dct.c
  filter-fax.c
  filter-flate.c
  filter-jbig2.c
  filter-leech.c
  filter-lzw.c
  filter-predict.c
  font.c
  ftoa.c
  function.c
  geometry.c
  getopt.c
  glyph.c
  halftone.c
  hash.c
  image.c
  link.c
  list-device.c
  load-jpeg.c
  load-jpx.c
  load-jxr.c
  load-png.c
  load-tiff.c
  memory.c
  outline.c
  output.c
  path.c
  pixmap.c
  printf.c
  shade.c
  stext-device.c
  stext-output.c
  stext-paragraph.c
  stext-search.c
  store.c
  stream-open.c
  stream-read.c
  string.c
  strtod.c
  text.c
  time.c
  trace-device.c
  transition.c
  tree.c
  ucdn.c
  unzip.c
  xml.c
  pdf-js-none.c
  pdf-annot-edit.c
  pdf-annot.c
  pdf-appearance.c
  pdf-clean.c
  pdf-cmap-load.c
  pdf-cmap-parse.c
  pdf-cmap-table.c
  pdf-cmap.c
  pdf-colorspace.c
  pdf-crypt.c
  pdf-device.c
  pdf-encoding.c
  pdf-event.c
  pdf-field.c
  pdf-font.c
  pdf-fontfile.c
  pdf-form.c
  pdf-ft-tools.c
  pdf-function.c
  pdf-image.c
  pdf-interpret.c
  pdf-lex.c
  pdf-metrics.c
  pdf-nametree.c
  pdf-object.c
  pdf-op-buffer.c
  pdf-op-filter.c
  pdf-op-run.c
  pdf-outline.c
  pdf-page.c
  pdf-parse.c
  pdf-pattern.c
  pdf-pkcs7.c
  pdf-repair.c
  pdf-run.c
  pdf-shade.c
  pdf-store.c
  pdf-stream.c
  pdf-type3.c
  pdf-unicode.c
  pdf-write.c
  pdf-xobject.c
  pdf-xref-aux.c
  pdf-xref.c
  xps-common.c
  xps-doc.c
  xps-glyphs.c
  xps-gradient.c
  xps-image.c
  xps-outline.c
  xps-path.c
  xps-resource.c
  xps-tile.c
  xps-util.c
  xps-zip.c
  mupdf.vcxproj -> d:\Media\myrepos\sumatrapdf\vs2017\..\dbg\mupdf.lib
