C:\Program Files (x86)\Microsoft Visual Studio\2019\Community\MSBuild\Microsoft\VC\v150\Platforms\Win32\PlatformToolsets\v141_xp\Toolset.targets(39,5): warning MSB8051: Support for targeting Windows XP is deprecated and will not be present in future releases of Visual Studio. Please see https://go.microsoft.com/fwlink/?linkid=2023588 for more information.
  AppPrefs.cpp
  AppTools.cpp
  AppUtil.cpp
  Canvas.cpp
  Caption.cpp
  ChmModel.cpp
  Colors.cpp
  CrashHandler.cpp
  DisplayModel.cpp
  Doc.cpp
  EbookController.cpp
  EbookControls.cpp
  ExternalViewers.cpp
  Favorites.cpp
  FileHistory.cpp
  FileThumbnails.cpp
  GlobalPrefs.cpp
  Menu.cpp
  MuiEbookPageDef.cpp
  Notifications.cpp
  PagesLayoutDef.cpp
  ParseCommandLine.cpp
  PdfSync.cpp
  Print.cpp
  RenderCache.cpp
  Search.cpp
  Selection.cpp
  SettingsStructs.cpp
  StressTesting.cpp
  SumatraAbout.cpp
  SumatraAbout2.cpp
  SumatraDialogs.cpp
  SumatraProperties.cpp
  TabInfo.cpp
  TableOfContents.cpp
  Tabs.cpp
  Tester.cpp
  TextSearch.cpp
  TextSelection.cpp
  Theme.cpp
  Toolbar.cpp
  Trans_sumatra_txt.cpp
  Translations.cpp
  WindowInfo.cpp
  Regress.cpp
  sumatra.vcxproj -> d:\Media\myrepos\sumatrapdf\vs2017\..\dbg\sumatra.lib
