C:\Program Files (x86)\Microsoft Visual Studio\2019\Community\MSBuild\Microsoft\VC\v150\Platforms\Win32\PlatformToolsets\v141_xp\Toolset.targets(39,5): warning MSB8051: Support for targeting Windows XP is deprecated and will not be present in future releases of Visual Studio. Please see https://go.microsoft.com/fwlink/?linkid=2023588 for more information.
  bzip_all.c
  7zBuf.c
  7zDec.c
  7zIn.c
  7zStream.c
  Bcj2.c
  Bra.c
  Bra86.c
  LzFind.c
  LzFindMt.c
  Lzma2Dec.c
  LzmaDec.c
  LzmaEnc.c
  Threads.c
  _7z.c
  conv.c
  crc32.c
  custalloc.c
  stream.c
  unarr.c
  CpuArch.c
  Ppmd7.c
  Ppmd7Dec.c
  Ppmd8.c
  Ppmd8Dec.c
  filter-rar.c
  huffman-rar.c
  parse-rar.c
  rar.c
  rarvm.c
  uncompress-rar.c
  parse-tar.c
  tar.c
  inflate.c
  parse-zip.c
  uncompress-zip.c
  zip.c
  unarrlib.vcxproj -> d:\Media\myrepos\sumatrapdf\vs2017\..\dbg\unarrlib.lib
