C:\Program Files (x86)\Microsoft Visual Studio\2019\Community\MSBuild\Microsoft\VC\v150\Platforms\Win32\PlatformToolsets\v141_xp\Toolset.targets(39,5): warning MSB8051: Support for targeting Windows XP is deprecated and will not be present in future releases of Visual Studio. Please see https://go.microsoft.com/fwlink/?linkid=2023588 for more information.
  ftbase.c
  ftbbox.c
  ftbitmap.c
  ftdebug.c
  ftgasp.c
  ftglyph.c
  ftinit.c
  ftotval.c
  ftstroke.c
  ftsynth.c
  ftsystem.c
  fttype1.c
  ftxf86.c
  cff.c
  type1cid.c
  ftgzip.c
  otvalid.c
  psaux.c
  pshinter.c
  psnames.c
  raster.c
  sfnt.c
  smooth.c
  truetype.c
  type1.c
  freetype.vcxproj -> d:\Media\myrepos\sumatrapdf\vs2017\..\dbg\freetype.lib
